2024-08-21T20:36:21+00:00 CRITICAL Uncaught Error: Object of class WP_Error could not be converted to string in /opt/lampp/htdocs/ecommerce/wp-includes/formatting.php:1108
Stack trace:
#0 /opt/lampp/htdocs/ecommerce/wp-includes/formatting.php(4682): wp_check_invalid_utf8(Object(WP_Error))
#1 /opt/lampp/htdocs/ecommerce/wp-content/plugins/woocommerce-v2-main/includes/rest_api/class-woo-cowpay-api.php(79): esc_html(Object(WP_Error))
#2 /opt/lampp/htdocs/ecommerce/wp-content/plugins/woocommerce-v2-main/includes/payments/class-woo-cowpay-credit-card.php(232): WC_Gateway_Cowpay_API_Handler->charge_cc(Array)
#3 /opt/lampp/htdocs/ecommerce/wp-content/plugins/woocommerce/includes/class-wc-checkout.php(1050): WC_Payment_Gateway_Cowpay_CC->process_payment(24)
#4 /opt/lampp/htdocs/ecommerce/wp-content/plugins/woocommerce/includes/class-wc-checkout.php(1279): WC_Checkout->process_order_payment(24, 'cowpay_credit_c...')
#5 /opt/lampp/htdocs/ecommerce/wp-content/plugins/woocommerce/includes/class-wc-ajax.php(485): WC_Checkout->process_checkout()
#6 /opt/lampp/htdocs/ecommerce/wp-includes/class-wp-hook.php(324): WC_AJAX::checkout('')
#7 /opt/lampp/htdocs/ecommerce/wp-includes/class-wp-hook.php(348): WP_Hook->apply_filters('', Array)
#8 /opt/lampp/htdocs/ecommerce/wp-includes/plugin.php(517): WP_Hook->do_action(Array)
#9 /opt/lampp/htdocs/ecommerce/wp-content/plugins/woocommerce/includes/class-wc-ajax.php(96): do_action('wc_ajax_checkou...')
#10 /opt/lampp/htdocs/ecommerce/wp-includes/class-wp-hook.php(324): WC_AJAX::do_wc_ajax('')
#11 /opt/lampp/htdocs/ecommerce/wp-includes/class-wp-hook.php(348): WP_Hook->apply_filters(false, Array)
#12 /opt/lampp/htdocs/ecommerce/wp-includes/plugin.php(517): WP_Hook->do_action(Array)
#13 /opt/lampp/htdocs/ecommerce/wp-includes/template-loader.php(13): do_action('template_redire...')
#14 /opt/lampp/htdocs/ecommerce/wp-blog-header.php(19): require_once('/opt/lampp/htdo...')
#15 /opt/lampp/htdocs/ecommerce/index.php(17): require('/opt/lampp/htdo...')
#16 {main}
  thrown in /opt/lampp/htdocs/ecommerce/wp-includes/formatting.php on line 1108

