2023-12-07T17:12:11+00:00 CRITICAL Uncaught Error: Using $this when not in object context in C:\xampp\htdocs\ecommerce\wp-content\plugins\woocommerce-main\views\meeza-card-payment-fields.php:18
Stack trace:
#0 C:\xampp\htdocs\ecommerce\wp-content\plugins\woocommerce-main\woo-cowpay.php(135): include()
#1 C:\xampp\htdocs\ecommerce\wp-content\plugins\woocommerce-main\includes\payments\class-woo-cowpay-meeza-card.php(156): woo_cowpay_view('meeza-card-paym...')
#2 C:\xampp\htdocs\ecommerce\wp-content\plugins\woocommerce-main\includes\payments\class-woo-cowpay-meeza-card.php(150): WC_Payment_Gateway_Cowpay_Meeza_Card->form()
#3 C:\xampp\htdocs\ecommerce\wp-content\plugins\woocommerce\templates\checkout\payment-method.php(30): WC_Payment_Gateway_Cowpay_Meeza_Card->payment_fields()
#4 C:\xampp\htdocs\ecommerce\wp-content\plugins\woocommerce\includes\wc-core-functions.php(345): include('C:\\xampp\\htdocs...')
#5 C:\xampp\htdocs\ecommerce\wp-content\plugins\woocommerce\templates\checkout\payment.php(30): wc_get_template('checkout/paymen...', Array)
#6 C:\xampp\htdocs\ecommerce\wp-content\plugins\woocommerce\includes\wc-core-functions.php(345): include('C:\\xampp\\htdocs...')
#7 C:\xampp\htdocs\ecommerce\wp-content\plugins\woocommerce\includes\wc-template-functions.php(2384): wc_get_template('checkout/paymen...', Array)
#8 C:\xampp\htdocs\ecommerce\wp-includes\class-wp-hook.php(324): woocommerce_checkout_payment('')
#9 C:\xampp\htdocs\ecommerce\wp-includes\class-wp-hook.php(348): WP_Hook->apply_filters(NULL, Array)
#10 C:\xampp\htdocs\ecommerce\wp-includes\plugin.php(517): WP_Hook->do_action(Array)
#11 C:\xampp\htdocs\ecommerce\wp-content\plugins\woocommerce\templates\checkout\form-checkout.php(59): do_action('woocommerce_che...')
#12 C:\xampp\htdocs\ecommerce\wp-content\plugins\woocommerce\includes\wc-core-functions.php(345): include('C:\\xampp\\htdocs...')
#13 C:\xampp\htdocs\ecommerce\wp-content\plugins\woocommerce\includes\shortcodes\class-wc-shortcode-checkout.php(316): wc_get_template('checkout/form-c...', Array)
#14 C:\xampp\htdocs\ecommerce\wp-content\plugins\woocommerce\includes\shortcodes\class-wc-shortcode-checkout.php(67): WC_Shortcode_Checkout::checkout()
#15 C:\xampp\htdocs\ecommerce\wp-content\plugins\woocommerce\includes\class-wc-shortcodes.php(72): WC_Shortcode_Checkout::output('')
#16 C:\xampp\htdocs\ecommerce\wp-content\plugins\woocommerce\includes\class-wc-shortcodes.php(95): WC_Shortcodes::shortcode_wrapper(Array, '')
#17 C:\xampp\htdocs\ecommerce\wp-includes\shortcodes.php(433): WC_Shortcodes::checkout('', '', 'woocommerce_che...')
#18 [internal function]: do_shortcode_tag(Array)
#19 C:\xampp\htdocs\ecommerce\wp-includes\shortcodes.php(273): preg_replace_callback('/\\[(\\[?)(woocom...', 'do_shortcode_ta...', '[woocommerce_ch...')
#20 C:\xampp\htdocs\ecommerce\wp-includes\class-wp-hook.php(324): do_shortcode('[woocommerce_ch...')
#21 C:\xampp\htdocs\ecommerce\wp-includes\plugin.php(205): WP_Hook->apply_filters('[woocommerce_ch...', Array)
#22 C:\xampp\htdocs\ecommerce\wp-includes\blocks\post-content.php(48): apply_filters('the_content', '<!-- wp:shortco...')
#23 C:\xampp\htdocs\ecommerce\wp-includes\class-wp-block.php(258): render_block_core_post_content(Array, '<!-- wp:shortco...', Object(WP_Block))
#24 C:\xampp\htdocs\ecommerce\wp-includes\class-wp-block.php(244): WP_Block->render()
#25 C:\xampp\htdocs\ecommerce\wp-includes\class-wp-block.php(244): WP_Block->render()
#26 C:\xampp\htdocs\ecommerce\wp-includes\blocks.php(1484): WP_Block->render()
#27 C:\xampp\htdocs\ecommerce\wp-includes\blocks.php(1522): render_block(Array)
#28 C:\xampp\htdocs\ecommerce\wp-includes\block-template.php(263): do_blocks('<!-- wp:group {...')
#29 C:\xampp\htdocs\ecommerce\wp-includes\template-canvas.php(12): get_the_block_template_html()
#30 C:\xampp\htdocs\ecommerce\wp-includes\template-loader.php(106): include('C:\\xampp\\htdocs...')
#31 C:\xampp\htdocs\ecommerce\wp-blog-header.php(19): require_once('C:\\xampp\\htdocs...')
#32 C:\xampp\htdocs\ecommerce\index.php(17): require('C:\\xampp\\htdocs...')
#33 {main}
  thrown in C:\xampp\htdocs\ecommerce\wp-content\plugins\woocommerce-main\views\meeza-card-payment-fields.php on line 18

